<?xml version="1.0" encoding="UTF-8"?>
<!-- Generated by org.testng.reporters.JUnitReportReporter -->
<testsuite ignored="0" hostname="DESKTOP-JU6JKP0" failures="0" tests="1" name="module1.TestCase1" time="7.470" errors="0" timestamp="24 May 2022 13:47:38 GMT" skipped="0">
  <testcase classname="module1.TestCase1" name="test1" time="7.470"/>
</testsuite> <!-- module1.TestCase1 -->
