<?xml version="1.0" encoding="UTF-8"?>
<!-- Generated by org.testng.reporters.JUnitReportReporter -->
<testsuite ignored="0" hostname="DESKTOP-JU6JKP0" failures="0" tests="1" name="module1.FirstTest" time="20.962" errors="0" timestamp="24 May 2022 11:48:54 GMT" skipped="0">
  <testcase classname="module1.FirstTest" name="test1" time="20.962"/>
</testsuite> <!-- module1.FirstTest -->
