<?xml version="1.0" encoding="UTF-8"?>
<!-- Generated by org.testng.reporters.JUnitReportReporter -->
<testsuite hostname="DESKTOP-JU6JKP0" failures="0" tests="1" name="module2.TestCase1" time="0.068" errors="0" timestamp="2023-01-10T12:12:02 IST" skipped="0">
  <testcase classname="module2.TestCase1" name="method1" time="0.068"/>
  <system-out/>
</testsuite> <!-- module2.TestCase1 -->
