<?xml version="1.0" encoding="UTF-8"?>
<!-- Generated by org.testng.reporters.JUnitReportReporter -->
<testsuite skipped="0" hostname="DESKTOP-JU6JKP0" name="core.AppiumTest" tests="2" failures="0" timestamp="2023-04-16T11:55:20 IST" time="106.495" errors="0">
  <testcase name="asetUp" time="22.788" classname="core.AppiumTest"/>
  <system-out/>
  <testcase name="btestApp" time="83.707" classname="core.AppiumTest"/>
  <system-out/>
</testsuite> <!-- core.AppiumTest -->
