<?xml version="1.0" encoding="UTF-8"?>
<!-- Generated by org.testng.reporters.JUnitReportReporter -->
<testsuite skipped="0" hostname="DESKTOP-JU6JKP0" name="core.AppiumTest" tests="1" failures="0" timestamp="2023-04-17T08:20:34 IST" time="63.415" errors="0">
  <testcase name="chartinksetUp" time="63.415" classname="core.AppiumTest"/>
  <system-out/>
</testsuite> <!-- core.AppiumTest -->
