<?xml version="1.0" encoding="UTF-8"?>
<!-- Generated by org.testng.reporters.JUnitReportReporter -->
<testsuite hostname="DESKTOP-JU6JKP0" failures="0" tests="3" name="module1.TestCase1" time="111.882" errors="0" timestamp="2022-06-20T09:51:10 IST" skipped="0">
  <testcase classname="module1.TestCase1" name="test1" time="111.863"/>
  <system-out/>
  <testcase classname="module1.TestCase1" name="myTest" time="0.002"/>
  <system-out/>
  <testcase classname="module1.TestCase1" name="myTest" time="0.017"/>
  <system-out/>
</testsuite> <!-- module1.TestCase1 -->
