<?xml version="1.0" encoding="UTF-8"?>
<!-- Generated by org.testng.reporters.JUnitReportReporter -->
<testsuite hostname="DESKTOP-JU6JKP0" failures="0" tests="3" name="module1.TestCase1" time="4.976" errors="0" timestamp="2022-06-18T17:32:50 IST" skipped="0">
  <testcase classname="module1.TestCase1" name="myTest" time="0.014"/>
  <system-out/>
  <testcase classname="module1.TestCase1" name="test1" time="4.960"/>
  <system-out/>
  <testcase classname="module1.TestCase1" name="myTest" time="0.002"/>
  <system-out/>
</testsuite> <!-- module1.TestCase1 -->
