<?xml version="1.0" encoding="UTF-8"?>
<!-- Generated by org.testng.reporters.JUnitReportReporter -->
<testsuite hostname="DESKTOP-JU6JKP0" failures="0" tests="3" name="core.AppiumTest" time="206.372" errors="0" timestamp="2023-04-16T17:38:11 IST" skipped="0">
  <testcase classname="core.AppiumTest" name="asetUp" time="59.559"/>
  <system-out/>
  <testcase classname="core.AppiumTest" name="btestApp" time="91.838"/>
  <system-out/>
  <testcase classname="core.AppiumTest" name="cbuylist" time="54.975"/>
  <system-out/>
</testsuite> <!-- core.AppiumTest -->
