<?xml version="1.0" encoding="UTF-8"?>
<!-- Generated by org.testng.reporters.JUnitReportReporter -->
<testsuite hostname="DESKTOP-JU6JKP0" failures="0" tests="3" name="module1.TestCase1" time="9.114" errors="0" timestamp="2022-06-19T04:32:45 IST" skipped="0">
  <testcase classname="module1.TestCase1" name="myTest" time="0.034"/>
  <system-out/>
  <testcase classname="module1.TestCase1" name="myTest" time="0.000"/>
  <system-out/>
  <testcase classname="module1.TestCase1" name="test1" time="9.080"/>
  <system-out/>
</testsuite> <!-- module1.TestCase1 -->
