<?xml version="1.0" encoding="UTF-8"?>
<!-- Generated by org.testng.reporters.JUnitReportReporter -->
<testsuite hostname="DESKTOP-JU6JKP0" failures="0" tests="3" name="module1.TestCase1" time="15.803" errors="0" timestamp="2022-06-19T04:55:21 IST" skipped="0">
  <testcase classname="module1.TestCase1" name="myTest" time="0.019"/>
  <system-out/>
  <testcase classname="module1.TestCase1" name="test1" time="15.781"/>
  <system-out/>
  <testcase classname="module1.TestCase1" name="myTest" time="0.003"/>
  <system-out/>
</testsuite> <!-- module1.TestCase1 -->
