<?xml version="1.0" encoding="UTF-8"?>
<!-- Generated by org.testng.reporters.JUnitReportReporter -->
<testsuite hostname="DESKTOP-JU6JKP0" failures="0" tests="3" name="module1.TestCase1" time="14.041" errors="0" timestamp="2022-06-19T05:07:20 IST" skipped="0">
  <testcase classname="module1.TestCase1" name="myTest" time="0.001"/>
  <system-out/>
  <testcase classname="module1.TestCase1" name="myTest" time="0.015"/>
  <system-out/>
  <testcase classname="module1.TestCase1" name="test1" time="14.025"/>
  <system-out/>
</testsuite> <!-- module1.TestCase1 -->
